# JRE version: OpenJDK Runtime Environment (15.0.1+9) (build 15.0.1+9-18)
# Java VM: OpenJDK 64-Bit Server VM (15.0.1+9-18, mixed mode, sharing, tiered, compressed oops, g1 gc, bsd-amd64)
GC Precious Log:
 CPUs: 8 total, 8 available
 Memory: 8192M
 Large Page Support: Disabled
 NUMA Support: Disabled
 Compressed Oops: Enabled (Zero based)
 Heap Region Size: 1M
 Heap Min Capacity: 8M
 Heap Initial Capacity: 128M
 Heap Max Capacity: 2G
 Pre-touch: Disabled
 Parallel Workers: 8
 Concurrent Workers: 2
 Concurrent Refinement Workers: 8
 Periodic GC: Disabled
Heap:
 garbage-first heap   total 35840K, used 25188K [0x0000000780000000, 0x0000000800000000)
  region size 1024K, 10 young (10240K), 2 survivors (2048K)
 Metaspace       used 41266K, capacity 42148K, committed 42496K, reserved 1085440K
  class space    used 5185K, capacity 5822K, committed 5888K, reserved 1048576K
GC Heap History (20 events):
Event: 0.563 GC heap before
{Heap before GC invocations=0 (full 0):
 garbage-first heap   total 133120K, used 23336K [0x0000000780000000, 0x0000000800000000)
  region size 1024K, 23 young (23552K), 0 survivors (0K)
 Metaspace       used 3030K, capacity 4519K, committed 4864K, reserved 1056768K
  class space    used 298K, capacity 394K, committed 512K, reserved 1048576K
}
Event: 0.565 GC heap after
{Heap after GC invocations=1 (full 0):
 garbage-first heap   total 133120K, used 1965K [0x0000000780000000, 0x0000000800000000)
  region size 1024K, 2 young (2048K), 2 survivors (2048K)
 Metaspace       used 3030K, capacity 4519K, committed 4864K, reserved 1056768K
  class space    used 298K, capacity 394K, committed 512K, reserved 1048576K
}
Event: 4.270 GC heap before
{Heap before GC invocations=1 (full 0):
 garbage-first heap   total 133120K, used 48045K [0x0000000780000000, 0x0000000800000000)
  region size 1024K, 48 young (49152K), 2 survivors (2048K)
 Metaspace       used 16966K, capacity 17162K, committed 17536K, reserved 1064960K
  class space    used 2008K, capacity 2090K, committed 2176K, reserved 1048576K
}
Event: 4.280 GC heap after
{Heap after GC invocations=2 (full 0):
 garbage-first heap   total 133120K, used 6954K [0x0000000780000000, 0x0000000800000000)
  region size 1024K, 6 young (6144K), 6 survivors (6144K)
 Metaspace       used 16966K, capacity 17162K, committed 17536K, reserved 1064960K
  class space    used 2008K, capacity 2090K, committed 2176K, reserved 1048576K
}
Event: 4.605 GC heap before
{Heap before GC invocations=2 (full 0):
 garbage-first heap   total 133120K, used 16170K [0x0000000780000000, 0x0000000800000000)
  region size 1024K, 16 young (16384K), 6 survivors (6144K)
 Metaspace       used 20554K, capacity 20746K, committed 21248K, reserved 1069056K
  class space    used 2388K, capacity 2474K, committed 2560K, reserved 1048576K
}
Event: 4.610 GC heap after
{Heap after GC invocations=3 (full 0):
 garbage-first heap   total 133120K, used 7671K [0x0000000780000000, 0x0000000800000000)
  region size 1024K, 6 young (6144K), 6 survivors (6144K)
 Metaspace       used 20554K, capacity 20746K, committed 21248K, reserved 1069056K
  class space    used 2388K, capacity 2474K, committed 2560K, reserved 1048576K
}
Event: 5.271 GC heap before
{Heap before GC invocations=4 (full 0):
 garbage-first heap   total 34816K, used 22007K [0x0000000780000000, 0x0000000800000000)
  region size 1024K, 20 young (20480K), 6 survivors (6144K)
 Metaspace       used 25826K, capacity 26112K, committed 26496K, reserved 1073152K
  class space    used 3023K, capacity 3104K, committed 3200K, reserved 1048576K
}
Event: 5.279 GC heap after
{Heap after GC invocations=5 (full 0):
 garbage-first heap   total 34816K, used 9751K [0x0000000780000000, 0x0000000800000000)
  region size 1024K, 3 young (3072K), 3 survivors (3072K)
 Metaspace       used 25826K, capacity 26112K, committed 26496K, reserved 1073152K
  class space    used 3023K, capacity 3104K, committed 3200K, reserved 1048576K
}
Event: 5.830 GC heap before
{Heap before GC invocations=5 (full 0):
 garbage-first heap   total 34816K, used 23063K [0x0000000780000000, 0x0000000800000000)
  region size 1024K, 17 young (17408K), 3 survivors (3072K)
 Metaspace       used 30477K, capacity 31072K, committed 31488K, reserved 1077248K
  class space    used 3595K, capacity 3961K, committed 4096K, reserved 1048576K
}
Event: 5.833 GC heap after
{Heap after GC invocations=6 (full 0):
 garbage-first heap   total 34816K, used 10584K [0x0000000780000000, 0x0000000800000000)
  region size 1024K, 2 young (2048K), 2 survivors (2048K)
 Metaspace       used 30477K, capacity 31072K, committed 31488K, reserved 1077248K
  class space    used 3595K, capacity 3961K, committed 4096K, reserved 1048576K
}
Event: 5.989 GC heap before
{Heap before GC invocations=6 (full 0):
 garbage-first heap   total 34816K, used 23896K [0x0000000780000000, 0x0000000800000000)
  region size 1024K, 15 young (15360K), 2 survivors (2048K)
 Metaspace       used 31034K, capacity 31754K, committed 32128K, reserved 1077248K
  class space    used 3644K, capacity 4165K, committed 4224K, reserved 1048576K
}
Event: 5.991 GC heap after
{Heap after GC invocations=7 (full 0):
 garbage-first heap   total 34816K, used 10776K [0x0000000780000000, 0x0000000800000000)
  region size 1024K, 2 young (2048K), 2 survivors (2048K)
 Metaspace       used 31034K, capacity 31754K, committed 32128K, reserved 1077248K
  class space    used 3644K, capacity 4165K, committed 4224K, reserved 1048576K
}
Event: 6.197 GC heap before
{Heap before GC invocations=7 (full 0):
 garbage-first heap   total 34816K, used 23064K [0x0000000780000000, 0x0000000800000000)
  region size 1024K, 15 young (15360K), 2 survivors (2048K)
 Metaspace       used 32130K, capacity 32895K, committed 33408K, reserved 1079296K
  class space    used 3819K, capacity 4395K, committed 4480K, reserved 1048576K
}
Event: 6.199 GC heap after
{Heap after GC invocations=8 (full 0):
 garbage-first heap   total 34816K, used 10971K [0x0000000780000000, 0x0000000800000000)
  region size 1024K, 1 young (1024K), 1 survivors (1024K)
 Metaspace       used 32130K, capacity 32895K, committed 33408K, reserved 1079296K
  class space    used 3819K, capacity 4395K, committed 4480K, reserved 1048576K
}
Event: 6.549 GC heap before
{Heap before GC invocations=8 (full 0):
 garbage-first heap   total 34816K, used 23259K [0x0000000780000000, 0x0000000800000000)
  region size 1024K, 14 young (14336K), 1 survivors (1024K)
 Metaspace       used 34729K, capacity 35507K, committed 35840K, reserved 1081344K
  class space    used 4244K, capacity 4835K, committed 4864K, reserved 1048576K
}
Event: 6.552 GC heap after
{Heap after GC invocations=9 (full 0):
 garbage-first heap   total 34816K, used 12898K [0x0000000780000000, 0x0000000800000000)
  region size 1024K, 2 young (2048K), 2 survivors (2048K)
 Metaspace       used 34729K, capacity 35507K, committed 35840K, reserved 1081344K
  class space    used 4244K, capacity 4835K, committed 4864K, reserved 1048576K
}
Event: 7.086 GC heap before
{Heap before GC invocations=10 (full 0):
 garbage-first heap   total 34816K, used 27234K [0x0000000780000000, 0x0000000800000000)
  region size 1024K, 14 young (14336K), 2 survivors (2048K)
 Metaspace       used 37834K, capacity 38655K, committed 39040K, reserved 1083392K
  class space    used 4829K, capacity 5413K, committed 5504K, reserved 1048576K
}
Event: 7.089 GC heap after
{Heap after GC invocations=11 (full 0):
 garbage-first heap   total 34816K, used 16102K [0x0000000780000000, 0x0000000800000000)
  region size 1024K, 2 young (2048K), 2 survivors (2048K)
 Metaspace       used 37834K, capacity 38655K, committed 39040K, reserved 1083392K
  class space    used 4829K, capacity 5413K, committed 5504K, reserved 1048576K
}
Event: 7.318 GC heap before
{Heap before GC invocations=11 (full 0):
 garbage-first heap   total 34816K, used 21222K [0x0000000780000000, 0x0000000800000000)
  region size 1024K, 8 young (8192K), 2 survivors (2048K)
 Metaspace       used 39374K, capacity 40188K, committed 40576K, reserved 1083392K
  class space    used 5054K, capacity 5645K, committed 5760K, reserved 1048576K
}
Event: 7.320 GC heap after
{Heap after GC invocations=12 (full 0):
 garbage-first heap   total 34816K, used 16996K [0x0000000780000000, 0x0000000800000000)
  region size 1024K, 2 young (2048K), 2 survivors (2048K)
 Metaspace       used 39374K, capacity 40188K, committed 40576K, reserved 1083392K
  class space    used 5054K, capacity 5645K, committed 5760K, reserved 1048576K
}

